<?xml version="1.0" encoding="UTF-8"?>
<testng-results ignored="0" total="1" passed="1" failed="0" skipped="0">
  <reporter-output>
  </reporter-output>
  <suite started-at="2022-10-27T15:32:51 EDT" name="Default suite" finished-at="2022-10-27T15:35:14 EDT" duration-ms="143227">
    <groups>
    </groups>
    <test started-at="2022-10-27T15:32:51 EDT" name="Default test" finished-at="2022-10-27T15:35:14 EDT" duration-ms="143227">
      <class name="TestCases.Job_Details_Statuses">
        <test-method is-config="true" signature="setup()[pri:0, instance:TestCases.Job_Details_Statuses@26e356f0]" started-at="2022-10-27T15:32:51 EDT" name="setup" finished-at="2022-10-27T15:33:02 EDT" duration-ms="11177" status="PASS">
          <reporter-output>
          </reporter-output>
        </test-method> <!-- setup -->
        <test-method signature="Testcase1_CreateJob()[pri:0, instance:TestCases.Job_Details_Statuses@26e356f0]" started-at="2022-10-27T15:33:02 EDT" name="Testcase1_CreateJob" finished-at="2022-10-27T15:35:14 EDT" duration-ms="132007" status="PASS">
          <reporter-output>
          </reporter-output>
        </test-method> <!-- Testcase1_CreateJob -->
      </class> <!-- TestCases.Job_Details_Statuses -->
    </test> <!-- Default test -->
  </suite> <!-- Default suite -->
</testng-results>
