<?xml version="1.0" encoding="UTF-8"?>
<testng-results ignored="0" total="1" passed="1" failed="0" skipped="0">
  <reporter-output>
  </reporter-output>
  <suite started-at="2022-11-10T07:28:17 EST" name="Default suite" finished-at="2022-11-10T07:34:48 EST" duration-ms="390861">
    <groups>
    </groups>
    <test started-at="2022-11-10T07:28:17 EST" name="Default test" finished-at="2022-11-10T07:34:48 EST" duration-ms="390861">
      <class name="TestCases.Job_Details_CauseofLoss">
        <test-method is-config="true" signature="setup()[pri:0, instance:TestCases.Job_Details_CauseofLoss@4b8ee4de]" started-at="2022-11-10T07:28:17 EST" name="setup" finished-at="2022-11-10T07:28:39 EST" duration-ms="21385" status="PASS">
          <reporter-output>
          </reporter-output>
        </test-method> <!-- setup -->
        <test-method signature="Testcase1_CreateJob()[pri:0, instance:TestCases.Job_Details_CauseofLoss@4b8ee4de]" started-at="2022-11-10T07:28:39 EST" name="Testcase1_CreateJob" finished-at="2022-11-10T07:34:48 EST" duration-ms="369398" status="PASS">
          <reporter-output>
          </reporter-output>
        </test-method> <!-- Testcase1_CreateJob -->
      </class> <!-- TestCases.Job_Details_CauseofLoss -->
    </test> <!-- Default test -->
  </suite> <!-- Default suite -->
</testng-results>
